<?xml version="1.0" encoding="UTF-8"?>
<testsuite xmlns:xsi="http://www.w3.org/2001/XMLSchema-instance" xsi:noNamespaceSchemaLocation="https://maven.apache.org/surefire/maven-surefire-plugin/xsd/surefire-test-report-3.0.xsd" version="3.0" name="com.tcc.spg.user.api.ApplicationTests" time="3.31" tests="1" errors="0" skipped="0" failures="0">
  <properties>
[...]
</properties>
  <testcase name="contextLoads" classname="com.tcc.spg.user.api.ApplicationTests" time="0.53">
    <system-out><![CDATA[21:20:05.687 [main] INFO org.springframework.test.context.support.AnnotationConfigContextLoaderUtils -- Could not detect default configuration classes for test class [com.tcc.spg.user.api.ApplicationTests]: ApplicationTests does not declare any static, non-private, non-final, nested classes annotated with @Configuration.
21:20:05.778 [main] INFO org.springframework.boot.test.context.SpringBootTestContextBootstrapper -- Found @SpringBootConfiguration com.tcc.spg.user.api.Application for test class com.tcc.spg.user.api.ApplicationTests
21:20:05.925 [main] INFO org.springframework.boot.devtools.restart.RestartApplicationListener -- Restart disabled due to context in which it is running

  .   ____          _            __ _ _
 /\\ / ___'_ __ _ _(_)_ __  __ _ \ \ \ \
( ( )\___ | '_ | '_| | '_ \/ _` | \ \ \ \
 \\/  ___)| |_)| | | | | || (_| |  ) ) ) )
  '  |____| .__|_| |_|_| |_\__, | / / / /
 =========|_|==============|___/=/_/_/_/
 :: Spring Boot ::                (v3.2.2)

2024-02-15T21:20:06.124-03:00  INFO 14641 --- [           main] com.tcc.spg.user.api.ApplicationTests    : Starting ApplicationTests using Java 17.0.6 with PID 14641 (started by giovanna.reis in /Users/giovanna.reis/Desktop/spg-user-api)
2024-02-15T21:20:06.125-03:00  INFO 14641 --- [           main] com.tcc.spg.user.api.ApplicationTests    : No active profile set, falling back to 1 default profile: "default"
2024-02-15T21:20:06.671-03:00  INFO 14641 --- [           main] .s.d.r.c.RepositoryConfigurationDelegate : Bootstrapping Spring Data JPA repositories in DEFAULT mode.
2024-02-15T21:20:06.689-03:00  INFO 14641 --- [           main] .s.d.r.c.RepositoryConfigurationDelegate : Finished Spring Data repository scanning in 10 ms. Found 0 JPA repository interfaces.
2024-02-15T21:20:07.024-03:00  INFO 14641 --- [           main] com.zaxxer.hikari.HikariDataSource       : HikariPool-1 - Starting...
2024-02-15T21:20:07.204-03:00  INFO 14641 --- [           main] com.zaxxer.hikari.pool.HikariPool        : HikariPool-1 - Added connection conn0: url=jdbc:h2:mem:73936758-6ad8-439c-a9a7-af7646f98b77 user=SA
2024-02-15T21:20:07.205-03:00  INFO 14641 --- [           main] com.zaxxer.hikari.HikariDataSource       : HikariPool-1 - Start completed.
2024-02-15T21:20:07.241-03:00  INFO 14641 --- [           main] o.hibernate.jpa.internal.util.LogHelper  : HHH000204: Processing PersistenceUnitInfo [name: default]
2024-02-15T21:20:07.282-03:00  INFO 14641 --- [           main] org.hibernate.Version                    : HHH000412: Hibernate ORM core version 6.4.1.Final
2024-02-15T21:20:07.307-03:00  INFO 14641 --- [           main] o.h.c.internal.RegionFactoryInitiator    : HHH000026: Second-level cache disabled
2024-02-15T21:20:07.485-03:00  INFO 14641 --- [           main] o.s.o.j.p.SpringPersistenceUnitInfo      : No LoadTimeWeaver setup: ignoring JPA class transformer
2024-02-15T21:20:07.772-03:00  INFO 14641 --- [           main] o.h.e.t.j.p.i.JtaPlatformInitiator       : HHH000489: No JTA platform available (set 'hibernate.transaction.jta.platform' to enable JTA platform integration)
2024-02-15T21:20:07.776-03:00  INFO 14641 --- [           main] j.LocalContainerEntityManagerFactoryBean : Initialized JPA EntityManagerFactory for persistence unit 'default'
2024-02-15T21:20:07.910-03:00  WARN 14641 --- [           main] JpaBaseConfiguration$JpaWebConfiguration : spring.jpa.open-in-view is enabled by default. Therefore, database queries may be performed during view rendering. Explicitly configure spring.jpa.open-in-view to disable this warning
2024-02-15T21:20:08.288-03:00  INFO 14641 --- [           main] com.tcc.spg.user.api.ApplicationTests    : Started ApplicationTests in 2.374 seconds (process running for 3.241)
]]></system-out>
  </testcase>
</testsuite>